<?xml version="1.0" encoding="UTF-8"?>
<testsuite xmlns:xsi="http://www.w3.org/2001/XMLSchema-instance" xsi:noNamespaceSchemaLocation="https://maven.apache.org/surefire/maven-surefire-plugin/xsd/surefire-test-report.xsd" name="com.example.DemoClientGrpcTest" time="2.09" tests="1" errors="0" skipped="0" failures="0">
  <properties>
    <property name="gopherProxySet" value="false"/>
    <property name="awt.toolkit" value="sun.lwawt.macosx.LWCToolkit"/>
    <property name="java.specification.version" value="11"/>
    <property name="sun.cpu.isalist" value=""/>
    <property name="sun.jnu.encoding" value="UTF-8"/>
    <property name="java.class.path" value="/Users/caioalves/Projetos/backend/demo-client-grpc/target/test-classes:/Users/caioalves/Projetos/backend/demo-client-grpc/target/classes:/Users/caioalves/.m2/repository/io/micronaut/micronaut-inject/3.6.1/micronaut-inject-3.6.1.jar:/Users/caioalves/.m2/repository/org/slf4j/slf4j-api/1.7.36/slf4j-api-1.7.36.jar:/Users/caioalves/.m2/repository/javax/annotation/javax.annotation-api/1.3.2/javax.annotation-api-1.3.2.jar:/Users/caioalves/.m2/repository/jakarta/inject/jakarta.inject-api/2.0.1/jakarta.inject-api-2.0.1.jar:/Users/caioalves/.m2/repository/io/micronaut/micronaut-core/3.6.1/micronaut-core-3.6.1.jar:/Users/caioalves/.m2/repository/org/yaml/snakeyaml/1.30/snakeyaml-1.30.jar:/Users/caioalves/.m2/repository/io/micronaut/micronaut-validation/3.6.1/micronaut-validation-3.6.1.jar:/Users/caioalves/.m2/repository/io/micronaut/micronaut-core-reactive/3.6.1/micronaut-core-reactive-3.6.1.jar:/Users/caioalves/.m2/repository/org/reactivestreams/reactive-streams/1.0.4/reactive-streams-1.0.4.jar:/Users/caioalves/.m2/repository/javax/validation/validation-api/2.0.1.Final/validation-api-2.0.1.Final.jar:/Users/caioalves/.m2/repository/io/projectreactor/reactor-core/3.4.21/reactor-core-3.4.21.jar:/Users/caioalves/.m2/repository/org/junit/jupiter/junit-jupiter-api/5.9.0/junit-jupiter-api-5.9.0.jar:/Users/caioalves/.m2/repository/org/opentest4j/opentest4j/1.2.0/opentest4j-1.2.0.jar:/Users/caioalves/.m2/repository/org/junit/platform/junit-platform-commons/1.9.0/junit-platform-commons-1.9.0.jar:/Users/caioalves/.m2/repository/org/apiguardian/apiguardian-api/1.1.2/apiguardian-api-1.1.2.jar:/Users/caioalves/.m2/repository/org/junit/jupiter/junit-jupiter-engine/5.9.0/junit-jupiter-engine-5.9.0.jar:/Users/caioalves/.m2/repository/org/junit/platform/junit-platform-engine/1.9.0/junit-platform-engine-1.9.0.jar:/Users/caioalves/.m2/repository/io/micronaut/test/micronaut-test-junit5/3.4.0/micronaut-test-junit5-3.4.0.jar:/Users/caioalves/.m2/repository/io/micronaut/test/micronaut-test-core/3.4.0/micronaut-test-core-3.4.0.jar:/Users/caioalves/.m2/repository/io/micronaut/micronaut-runtime/3.6.1/micronaut-runtime-3.6.1.jar:/Users/caioalves/.m2/repository/io/micronaut/micronaut-http/3.6.1/micronaut-http-3.6.1.jar:/Users/caioalves/.m2/repository/io/micronaut/micronaut-aop/3.6.1/micronaut-aop-3.6.1.jar:/Users/caioalves/.m2/repository/io/micronaut/micronaut-context/3.6.1/micronaut-context-3.6.1.jar:/Users/caioalves/.m2/repository/io/micronaut/micronaut-http-client/3.6.1/micronaut-http-client-3.6.1.jar:/Users/caioalves/.m2/repository/io/micronaut/micronaut-http-client-core/3.6.1/micronaut-http-client-core-3.6.1.jar:/Users/caioalves/.m2/repository/io/micronaut/micronaut-websocket/3.6.1/micronaut-websocket-3.6.1.jar:/Users/caioalves/.m2/repository/io/micronaut/micronaut-http-netty/3.6.1/micronaut-http-netty-3.6.1.jar:/Users/caioalves/.m2/repository/io/micronaut/micronaut-buffer-netty/3.6.1/micronaut-buffer-netty-3.6.1.jar:/Users/caioalves/.m2/repository/io/netty/netty-codec-http2/4.1.79.Final/netty-codec-http2-4.1.79.Final.jar:/Users/caioalves/.m2/repository/io/netty/netty-handler/4.1.79.Final/netty-handler-4.1.79.Final.jar:/Users/caioalves/.m2/repository/io/netty/netty-resolver/4.1.79.Final/netty-resolver-4.1.79.Final.jar:/Users/caioalves/.m2/repository/io/netty/netty-transport-native-unix-common/4.1.79.Final/netty-transport-native-unix-common-4.1.79.Final.jar:/Users/caioalves/.m2/repository/io/netty/netty-handler-proxy/4.1.79.Final/netty-handler-proxy-4.1.79.Final.jar:/Users/caioalves/.m2/repository/io/netty/netty-common/4.1.79.Final/netty-common-4.1.79.Final.jar:/Users/caioalves/.m2/repository/io/netty/netty-buffer/4.1.79.Final/netty-buffer-4.1.79.Final.jar:/Users/caioalves/.m2/repository/io/netty/netty-transport/4.1.79.Final/netty-transport-4.1.79.Final.jar:/Users/caioalves/.m2/repository/io/netty/netty-codec/4.1.79.Final/netty-codec-4.1.79.Final.jar:/Users/caioalves/.m2/repository/io/netty/netty-codec-socks/4.1.79.Final/netty-codec-socks-4.1.79.Final.jar:/Users/caioalves/.m2/repository/io/micronaut/micronaut-http-server-netty/3.6.1/micronaut-http-server-netty-3.6.1.jar:/Users/caioalves/.m2/repository/io/micronaut/micronaut-http-server/3.6.1/micronaut-http-server-3.6.1.jar:/Users/caioalves/.m2/repository/io/micronaut/micronaut-router/3.6.1/micronaut-router-3.6.1.jar:/Users/caioalves/.m2/repository/io/netty/netty-codec-http/4.1.79.Final/netty-codec-http-4.1.79.Final.jar:/Users/caioalves/.m2/repository/io/micronaut/micronaut-jackson-databind/3.6.1/micronaut-jackson-databind-3.6.1.jar:/Users/caioalves/.m2/repository/io/micronaut/micronaut-jackson-core/3.6.1/micronaut-jackson-core-3.6.1.jar:/Users/caioalves/.m2/repository/io/micronaut/micronaut-json-core/3.6.1/micronaut-json-core-3.6.1.jar:/Users/caioalves/.m2/repository/com/fasterxml/jackson/core/jackson-core/2.13.3/jackson-core-2.13.3.jar:/Users/caioalves/.m2/repository/com/fasterxml/jackson/core/jackson-annotations/2.13.3/jackson-annotations-2.13.3.jar:/Users/caioalves/.m2/repository/com/fasterxml/jackson/core/jackson-databind/2.13.3/jackson-databind-2.13.3.jar:/Users/caioalves/.m2/repository/com/fasterxml/jackson/datatype/jackson-datatype-jdk8/2.13.3/jackson-datatype-jdk8-2.13.3.jar:/Users/caioalves/.m2/repository/com/fasterxml/jackson/datatype/jackson-datatype-jsr310/2.13.3/jackson-datatype-jsr310-2.13.3.jar:/Users/caioalves/.m2/repository/jakarta/annotation/jakarta.annotation-api/2.1.1/jakarta.annotation-api-2.1.1.jar:/Users/caioalves/.m2/repository/ch/qos/logback/logback-classic/1.2.11/logback-classic-1.2.11.jar:/Users/caioalves/.m2/repository/ch/qos/logback/logback-core/1.2.11/logback-core-1.2.11.jar:/Users/caioalves/.m2/repository/io/micronaut/grpc/micronaut-grpc-runtime/3.3.1/micronaut-grpc-runtime-3.3.1.jar:/Users/caioalves/.m2/repository/io/micronaut/grpc/micronaut-grpc-client-runtime/3.3.1/micronaut-grpc-client-runtime-3.3.1.jar:/Users/caioalves/.m2/repository/io/micronaut/grpc/micronaut-grpc-annotation/3.3.1/micronaut-grpc-annotation-3.3.1.jar:/Users/caioalves/.m2/repository/io/grpc/grpc-protobuf/1.46.0/grpc-protobuf-1.46.0.jar:/Users/caioalves/.m2/repository/io/grpc/grpc-api/1.46.0/grpc-api-1.46.0.jar:/Users/caioalves/.m2/repository/io/grpc/grpc-context/1.46.0/grpc-context-1.46.0.jar:/Users/caioalves/.m2/repository/com/google/code/findbugs/jsr305/3.0.2/jsr305-3.0.2.jar:/Users/caioalves/.m2/repository/com/google/protobuf/protobuf-java/3.20.1/protobuf-java-3.20.1.jar:/Users/caioalves/.m2/repository/com/google/api/grpc/proto-google-common-protos/2.0.1/proto-google-common-protos-2.0.1.jar:/Users/caioalves/.m2/repository/io/grpc/grpc-protobuf-lite/1.46.0/grpc-protobuf-lite-1.46.0.jar:/Users/caioalves/.m2/repository/com/google/guava/guava/31.0.1-android/guava-31.0.1-android.jar:/Users/caioalves/.m2/repository/com/google/guava/failureaccess/1.0.1/failureaccess-1.0.1.jar:/Users/caioalves/.m2/repository/com/google/guava/listenablefuture/9999.0-empty-to-avoid-conflict-with-guava/listenablefuture-9999.0-empty-to-avoid-conflict-with-guava.jar:/Users/caioalves/.m2/repository/org/checkerframework/checker-qual/3.12.0/checker-qual-3.12.0.jar:/Users/caioalves/.m2/repository/org/checkerframework/checker-compat-qual/2.5.5/checker-compat-qual-2.5.5.jar:/Users/caioalves/.m2/repository/com/google/j2objc/j2objc-annotations/1.3/j2objc-annotations-1.3.jar:/Users/caioalves/.m2/repository/io/grpc/grpc-stub/1.46.0/grpc-stub-1.46.0.jar:/Users/caioalves/.m2/repository/com/google/errorprone/error_prone_annotations/2.10.0/error_prone_annotations-2.10.0.jar:/Users/caioalves/.m2/repository/io/grpc/grpc-netty/1.46.0/grpc-netty-1.46.0.jar:/Users/caioalves/.m2/repository/io/grpc/grpc-core/1.46.0/grpc-core-1.46.0.jar:/Users/caioalves/.m2/repository/com/google/code/gson/gson/2.8.9/gson-2.8.9.jar:/Users/caioalves/.m2/repository/com/google/android/annotations/4.1.1.4/annotations-4.1.1.4.jar:/Users/caioalves/.m2/repository/org/codehaus/mojo/animal-sniffer-annotations/1.19/animal-sniffer-annotations-1.19.jar:/Users/caioalves/.m2/repository/io/perfmark/perfmark-api/0.25.0/perfmark-api-0.25.0.jar:/Users/caioalves/.m2/repository/io/micronaut/grpc/micronaut-grpc-server-runtime/3.3.1/micronaut-grpc-server-runtime-3.3.1.jar:"/>
    <property name="java.vm.vendor" value="Oracle Corporation"/>
    <property name="sun.arch.data.model" value="64"/>
    <property name="java.vendor.url" value="https://openjdk.java.net/"/>
    <property name="user.timezone" value=""/>
    <property name="java.vm.specification.version" value="11"/>
    <property name="os.name" value="Mac OS X"/>
    <property name="sun.java.launcher" value="SUN_STANDARD"/>
    <property name="user.country" value="BR"/>
    <property name="sun.boot.library.path" value="/Library/Java/JavaVirtualMachines/jdk-11.0.15.1.jdk/Contents/Home/lib"/>
    <property name="sun.java.command" value="/Users/caioalves/Projetos/backend/demo-client-grpc/target/surefire/surefirebooter14949833318753421695.jar /Users/caioalves/Projetos/backend/demo-client-grpc/target/surefire 2022-09-03T12-26-08_251-jvmRun1 surefire16086124738233742908tmp surefire_07709942442471482976tmp"/>
    <property name="http.nonProxyHosts" value="local|*.local|169.254/16|*.169.254/16"/>
    <property name="jdk.debug" value="release"/>
    <property name="surefire.test.class.path" value="/Users/caioalves/Projetos/backend/demo-client-grpc/target/test-classes:/Users/caioalves/Projetos/backend/demo-client-grpc/target/classes:/Users/caioalves/.m2/repository/io/micronaut/micronaut-inject/3.6.1/micronaut-inject-3.6.1.jar:/Users/caioalves/.m2/repository/org/slf4j/slf4j-api/1.7.36/slf4j-api-1.7.36.jar:/Users/caioalves/.m2/repository/javax/annotation/javax.annotation-api/1.3.2/javax.annotation-api-1.3.2.jar:/Users/caioalves/.m2/repository/jakarta/inject/jakarta.inject-api/2.0.1/jakarta.inject-api-2.0.1.jar:/Users/caioalves/.m2/repository/io/micronaut/micronaut-core/3.6.1/micronaut-core-3.6.1.jar:/Users/caioalves/.m2/repository/org/yaml/snakeyaml/1.30/snakeyaml-1.30.jar:/Users/caioalves/.m2/repository/io/micronaut/micronaut-validation/3.6.1/micronaut-validation-3.6.1.jar:/Users/caioalves/.m2/repository/io/micronaut/micronaut-core-reactive/3.6.1/micronaut-core-reactive-3.6.1.jar:/Users/caioalves/.m2/repository/org/reactivestreams/reactive-streams/1.0.4/reactive-streams-1.0.4.jar:/Users/caioalves/.m2/repository/javax/validation/validation-api/2.0.1.Final/validation-api-2.0.1.Final.jar:/Users/caioalves/.m2/repository/io/projectreactor/reactor-core/3.4.21/reactor-core-3.4.21.jar:/Users/caioalves/.m2/repository/org/junit/jupiter/junit-jupiter-api/5.9.0/junit-jupiter-api-5.9.0.jar:/Users/caioalves/.m2/repository/org/opentest4j/opentest4j/1.2.0/opentest4j-1.2.0.jar:/Users/caioalves/.m2/repository/org/junit/platform/junit-platform-commons/1.9.0/junit-platform-commons-1.9.0.jar:/Users/caioalves/.m2/repository/org/apiguardian/apiguardian-api/1.1.2/apiguardian-api-1.1.2.jar:/Users/caioalves/.m2/repository/org/junit/jupiter/junit-jupiter-engine/5.9.0/junit-jupiter-engine-5.9.0.jar:/Users/caioalves/.m2/repository/org/junit/platform/junit-platform-engine/1.9.0/junit-platform-engine-1.9.0.jar:/Users/caioalves/.m2/repository/io/micronaut/test/micronaut-test-junit5/3.4.0/micronaut-test-junit5-3.4.0.jar:/Users/caioalves/.m2/repository/io/micronaut/test/micronaut-test-core/3.4.0/micronaut-test-core-3.4.0.jar:/Users/caioalves/.m2/repository/io/micronaut/micronaut-runtime/3.6.1/micronaut-runtime-3.6.1.jar:/Users/caioalves/.m2/repository/io/micronaut/micronaut-http/3.6.1/micronaut-http-3.6.1.jar:/Users/caioalves/.m2/repository/io/micronaut/micronaut-aop/3.6.1/micronaut-aop-3.6.1.jar:/Users/caioalves/.m2/repository/io/micronaut/micronaut-context/3.6.1/micronaut-context-3.6.1.jar:/Users/caioalves/.m2/repository/io/micronaut/micronaut-http-client/3.6.1/micronaut-http-client-3.6.1.jar:/Users/caioalves/.m2/repository/io/micronaut/micronaut-http-client-core/3.6.1/micronaut-http-client-core-3.6.1.jar:/Users/caioalves/.m2/repository/io/micronaut/micronaut-websocket/3.6.1/micronaut-websocket-3.6.1.jar:/Users/caioalves/.m2/repository/io/micronaut/micronaut-http-netty/3.6.1/micronaut-http-netty-3.6.1.jar:/Users/caioalves/.m2/repository/io/micronaut/micronaut-buffer-netty/3.6.1/micronaut-buffer-netty-3.6.1.jar:/Users/caioalves/.m2/repository/io/netty/netty-codec-http2/4.1.79.Final/netty-codec-http2-4.1.79.Final.jar:/Users/caioalves/.m2/repository/io/netty/netty-handler/4.1.79.Final/netty-handler-4.1.79.Final.jar:/Users/caioalves/.m2/repository/io/netty/netty-resolver/4.1.79.Final/netty-resolver-4.1.79.Final.jar:/Users/caioalves/.m2/repository/io/netty/netty-transport-native-unix-common/4.1.79.Final/netty-transport-native-unix-common-4.1.79.Final.jar:/Users/caioalves/.m2/repository/io/netty/netty-handler-proxy/4.1.79.Final/netty-handler-proxy-4.1.79.Final.jar:/Users/caioalves/.m2/repository/io/netty/netty-common/4.1.79.Final/netty-common-4.1.79.Final.jar:/Users/caioalves/.m2/repository/io/netty/netty-buffer/4.1.79.Final/netty-buffer-4.1.79.Final.jar:/Users/caioalves/.m2/repository/io/netty/netty-transport/4.1.79.Final/netty-transport-4.1.79.Final.jar:/Users/caioalves/.m2/repository/io/netty/netty-codec/4.1.79.Final/netty-codec-4.1.79.Final.jar:/Users/caioalves/.m2/repository/io/netty/netty-codec-socks/4.1.79.Final/netty-codec-socks-4.1.79.Final.jar:/Users/caioalves/.m2/repository/io/micronaut/micronaut-http-server-netty/3.6.1/micronaut-http-server-netty-3.6.1.jar:/Users/caioalves/.m2/repository/io/micronaut/micronaut-http-server/3.6.1/micronaut-http-server-3.6.1.jar:/Users/caioalves/.m2/repository/io/micronaut/micronaut-router/3.6.1/micronaut-router-3.6.1.jar:/Users/caioalves/.m2/repository/io/netty/netty-codec-http/4.1.79.Final/netty-codec-http-4.1.79.Final.jar:/Users/caioalves/.m2/repository/io/micronaut/micronaut-jackson-databind/3.6.1/micronaut-jackson-databind-3.6.1.jar:/Users/caioalves/.m2/repository/io/micronaut/micronaut-jackson-core/3.6.1/micronaut-jackson-core-3.6.1.jar:/Users/caioalves/.m2/repository/io/micronaut/micronaut-json-core/3.6.1/micronaut-json-core-3.6.1.jar:/Users/caioalves/.m2/repository/com/fasterxml/jackson/core/jackson-core/2.13.3/jackson-core-2.13.3.jar:/Users/caioalves/.m2/repository/com/fasterxml/jackson/core/jackson-annotations/2.13.3/jackson-annotations-2.13.3.jar:/Users/caioalves/.m2/repository/com/fasterxml/jackson/core/jackson-databind/2.13.3/jackson-databind-2.13.3.jar:/Users/caioalves/.m2/repository/com/fasterxml/jackson/datatype/jackson-datatype-jdk8/2.13.3/jackson-datatype-jdk8-2.13.3.jar:/Users/caioalves/.m2/repository/com/fasterxml/jackson/datatype/jackson-datatype-jsr310/2.13.3/jackson-datatype-jsr310-2.13.3.jar:/Users/caioalves/.m2/repository/jakarta/annotation/jakarta.annotation-api/2.1.1/jakarta.annotation-api-2.1.1.jar:/Users/caioalves/.m2/repository/ch/qos/logback/logback-classic/1.2.11/logback-classic-1.2.11.jar:/Users/caioalves/.m2/repository/ch/qos/logback/logback-core/1.2.11/logback-core-1.2.11.jar:/Users/caioalves/.m2/repository/io/micronaut/grpc/micronaut-grpc-runtime/3.3.1/micronaut-grpc-runtime-3.3.1.jar:/Users/caioalves/.m2/repository/io/micronaut/grpc/micronaut-grpc-client-runtime/3.3.1/micronaut-grpc-client-runtime-3.3.1.jar:/Users/caioalves/.m2/repository/io/micronaut/grpc/micronaut-grpc-annotation/3.3.1/micronaut-grpc-annotation-3.3.1.jar:/Users/caioalves/.m2/repository/io/grpc/grpc-protobuf/1.46.0/grpc-protobuf-1.46.0.jar:/Users/caioalves/.m2/repository/io/grpc/grpc-api/1.46.0/grpc-api-1.46.0.jar:/Users/caioalves/.m2/repository/io/grpc/grpc-context/1.46.0/grpc-context-1.46.0.jar:/Users/caioalves/.m2/repository/com/google/code/findbugs/jsr305/3.0.2/jsr305-3.0.2.jar:/Users/caioalves/.m2/repository/com/google/protobuf/protobuf-java/3.20.1/protobuf-java-3.20.1.jar:/Users/caioalves/.m2/repository/com/google/api/grpc/proto-google-common-protos/2.0.1/proto-google-common-protos-2.0.1.jar:/Users/caioalves/.m2/repository/io/grpc/grpc-protobuf-lite/1.46.0/grpc-protobuf-lite-1.46.0.jar:/Users/caioalves/.m2/repository/com/google/guava/guava/31.0.1-android/guava-31.0.1-android.jar:/Users/caioalves/.m2/repository/com/google/guava/failureaccess/1.0.1/failureaccess-1.0.1.jar:/Users/caioalves/.m2/repository/com/google/guava/listenablefuture/9999.0-empty-to-avoid-conflict-with-guava/listenablefuture-9999.0-empty-to-avoid-conflict-with-guava.jar:/Users/caioalves/.m2/repository/org/checkerframework/checker-qual/3.12.0/checker-qual-3.12.0.jar:/Users/caioalves/.m2/repository/org/checkerframework/checker-compat-qual/2.5.5/checker-compat-qual-2.5.5.jar:/Users/caioalves/.m2/repository/com/google/j2objc/j2objc-annotations/1.3/j2objc-annotations-1.3.jar:/Users/caioalves/.m2/repository/io/grpc/grpc-stub/1.46.0/grpc-stub-1.46.0.jar:/Users/caioalves/.m2/repository/com/google/errorprone/error_prone_annotations/2.10.0/error_prone_annotations-2.10.0.jar:/Users/caioalves/.m2/repository/io/grpc/grpc-netty/1.46.0/grpc-netty-1.46.0.jar:/Users/caioalves/.m2/repository/io/grpc/grpc-core/1.46.0/grpc-core-1.46.0.jar:/Users/caioalves/.m2/repository/com/google/code/gson/gson/2.8.9/gson-2.8.9.jar:/Users/caioalves/.m2/repository/com/google/android/annotations/4.1.1.4/annotations-4.1.1.4.jar:/Users/caioalves/.m2/repository/org/codehaus/mojo/animal-sniffer-annotations/1.19/animal-sniffer-annotations-1.19.jar:/Users/caioalves/.m2/repository/io/perfmark/perfmark-api/0.25.0/perfmark-api-0.25.0.jar:/Users/caioalves/.m2/repository/io/micronaut/grpc/micronaut-grpc-server-runtime/3.3.1/micronaut-grpc-server-runtime-3.3.1.jar:"/>
    <property name="sun.cpu.endian" value="little"/>
    <property name="user.home" value="/Users/caioalves"/>
    <property name="user.language" value="pt"/>
    <property name="java.specification.vendor" value="Oracle Corporation"/>
    <property name="java.version.date" value="2022-04-22"/>
    <property name="java.home" value="/Library/Java/JavaVirtualMachines/jdk-11.0.15.1.jdk/Contents/Home"/>
    <property name="file.separator" value="/"/>
    <property name="basedir" value="/Users/caioalves/Projetos/backend/demo-client-grpc"/>
    <property name="java.vm.compressedOopsMode" value="Zero based"/>
    <property name="line.separator" value="&#10;"/>
    <property name="java.specification.name" value="Java Platform API Specification"/>
    <property name="java.vm.specification.vendor" value="Oracle Corporation"/>
    <property name="java.awt.graphicsenv" value="sun.awt.CGraphicsEnvironment"/>
    <property name="surefire.real.class.path" value="/Users/caioalves/Projetos/backend/demo-client-grpc/target/surefire/surefirebooter14949833318753421695.jar"/>
    <property name="sun.management.compiler" value="HotSpot 64-Bit Tiered Compilers"/>
    <property name="ftp.nonProxyHosts" value="local|*.local|169.254/16|*.169.254/16"/>
    <property name="java.runtime.version" value="11.0.15.1+2-LTS-10"/>
    <property name="user.name" value="caioalves"/>
    <property name="path.separator" value=":"/>
    <property name="os.version" value="12.5.1"/>
    <property name="java.runtime.name" value="Java(TM) SE Runtime Environment"/>
    <property name="file.encoding" value="UTF-8"/>
    <property name="java.vm.name" value="Java HotSpot(TM) 64-Bit Server VM"/>
    <property name="java.vendor.version" value="18.9"/>
    <property name="localRepository" value="/Users/caioalves/.m2/repository"/>
    <property name="java.vendor.url.bug" value="https://bugreport.java.com/bugreport/"/>
    <property name="java.io.tmpdir" value="/var/folders/00/9_kvd5p51qgfxyq8s03r9xwm0000gn/T/"/>
    <property name="idea.version" value="2022.2.1"/>
    <property name="java.version" value="11.0.15.1"/>
    <property name="user.dir" value="/Users/caioalves/Projetos/backend/demo-client-grpc"/>
    <property name="os.arch" value="x86_64"/>
    <property name="java.vm.specification.name" value="Java Virtual Machine Specification"/>
    <property name="java.awt.printerjob" value="sun.lwawt.macosx.CPrinterJob"/>
    <property name="sun.os.patch.level" value="unknown"/>
    <property name="java.library.path" value="/Users/caioalves/Library/Java/Extensions:/Library/Java/Extensions:/Network/Library/Java/Extensions:/System/Library/Java/Extensions:/usr/lib/java:."/>
    <property name="java.vendor" value="Oracle Corporation"/>
    <property name="java.vm.info" value="mixed mode"/>
    <property name="java.vm.version" value="11.0.15.1+2-LTS-10"/>
    <property name="sun.io.unicode.encoding" value="UnicodeBig"/>
    <property name="java.class.version" value="55.0"/>
    <property name="socksNonProxyHosts" value="local|*.local|169.254/16|*.169.254/16"/>
  </properties>
  <testcase name="testItWorks" classname="com.example.DemoClientGrpcTest" time="0.053"/>
</testsuite>